<?xml version="1.0" encoding="UTF-8"?>
<testsuite name="ScrabbleScoreTest" tests="1" skipped="0" failures="0" errors="0" timestamp="2015-08-11T18:34:22" hostname="epicodus-105.local" time="0.002">
  <properties/>
  <testcase name="ScrabbleScore_returnAScrabbleScoreForALetter_1" classname="ScrabbleScoreTest" time="0.002"/>
  <system-out><![CDATA[]]></system-out>
  <system-err><![CDATA[]]></system-err>
</testsuite>
