<?xml version="1.0" encoding="UTF-8"?>
<testsuite name="ScrabbleScoreTest" tests="2" skipped="0" failures="0" errors="0" timestamp="2015-08-11T23:31:47" hostname="epicodus-105.local" time="0.003">
  <properties/>
  <testcase name="ScrabbleScore_returnAScrabbleScoreForALetter_1" classname="ScrabbleScoreTest" time="0.002"/>
  <testcase name="ScrabbleScore_returnScoreForAString_Interger" classname="ScrabbleScoreTest" time="0.0"/>
  <system-out><![CDATA[Here is your Scrabble Score 1.
Here is your Scrabble Score 4.
]]></system-out>
  <system-err><![CDATA[]]></system-err>
</testsuite>
